1771678532157	geckodriver	INFO	Listening on 127.0.0.1:57695
1771678535298	mozrunner::runner	INFO	Running command: "C:\\Program Files\\Mozilla Firefox\\firefox.exe" "--marionette" "--remote-debugging-port" "57696" "--remote-allow-hosts" "localhost" "-no-remote" "-profile" "C:\\Users\\Hp\\AppData\\Local\\Temp\\rust_mozprofileaVCABm"
console.warn: services.settings: Ignoring preference override of remote settings server
console.warn: services.settings: Allow by setting MOZ_REMOTE_SETTINGS_DEVTOOLS=1 in the environment
Dynamically enable window occlusion 0
1771678536311	Marionette	INFO	Marionette enabled
1771678536580	Marionette	INFO	Listening on port 57706
WebDriver BiDi listening on ws://127.0.0.1:57696
Read port: 57706
1771678536939	RemoteAgent	WARN	TLS certificate errors will be ignored for this session
[GFX1-]: Calling WaitFlushedEvent::Run: is delayed: 2983
JavaScript warning: https://automationexercise.com/static/js/jquery.js, line 2: Using //@ to indicate sourceMappingURL pragmas is deprecated. Use //# instead
JavaScript warning: https://pagead2.googlesyndication.com/bg/l11QPndu-j1d-IuVVz8_-a8eiRaKqDgehurr_OIagKU.js, line 406: unreachable code after return statement
JavaScript warning: https://pagead2.googlesyndication.com/bg/l11QPndu-j1d-IuVVz8_-a8eiRaKqDgehurr_OIagKU.js, line 406: unreachable code after return statement
JavaScript warning: https://pagead2.googlesyndication.com/bg/l11QPndu-j1d-IuVVz8_-a8eiRaKqDgehurr_OIagKU.js, line 406: unreachable code after return statement
JavaScript warning: https://pagead2.googlesyndication.com/bg/l11QPndu-j1d-IuVVz8_-a8eiRaKqDgehurr_OIagKU.js, line 406: unreachable code after return statement
JavaScript warning: https://pagead2.googlesyndication.com/bg/l11QPndu-j1d-IuVVz8_-a8eiRaKqDgehurr_OIagKU.js, line 406: unreachable code after return statement
JavaScript warning: https://pagead2.googlesyndication.com/bg/l11QPndu-j1d-IuVVz8_-a8eiRaKqDgehurr_OIagKU.js, line 406: unreachable code after return statement
JavaScript warning: https://pagead2.googlesyndication.com/bg/l11QPndu-j1d-IuVVz8_-a8eiRaKqDgehurr_OIagKU.js, line 406: unreachable code after return statement
JavaScript warning: https://pagead2.googlesyndication.com/bg/l11QPndu-j1d-IuVVz8_-a8eiRaKqDgehurr_OIagKU.js line 2 > eval, line 406: unreachable code after return statement
JavaScript warning: https://pagead2.googlesyndication.com/bg/l11QPndu-j1d-IuVVz8_-a8eiRaKqDgehurr_OIagKU.js line 2 > eval, line 406: unreachable code after return statement
JavaScript warning: https://pagead2.googlesyndication.com/bg/l11QPndu-j1d-IuVVz8_-a8eiRaKqDgehurr_OIagKU.js line 2 > eval, line 406: unreachable code after return statement
JavaScript warning: https://pagead2.googlesyndication.com/bg/l11QPndu-j1d-IuVVz8_-a8eiRaKqDgehurr_OIagKU.js line 2 > eval, line 1: unreachable code after return statement
JavaScript warning: https://pagead2.googlesyndication.com/bg/l11QPndu-j1d-IuVVz8_-a8eiRaKqDgehurr_OIagKU.js line 2 > eval line 406 > eval, line 1: unreachable code after return statement
JavaScript warning: https://pagead2.googlesyndication.com/bg/l11QPndu-j1d-IuVVz8_-a8eiRaKqDgehurr_OIagKU.js line 2 > eval line 406 > eval, line 1: unreachable code after return statement
JavaScript warning: https://pagead2.googlesyndication.com/bg/l11QPndu-j1d-IuVVz8_-a8eiRaKqDgehurr_OIagKU.js line 2 > eval line 406 > eval line 1 > eval, line 1: unreachable code after return statement
JavaScript warning: https://pagead2.googlesyndication.com/bg/l11QPndu-j1d-IuVVz8_-a8eiRaKqDgehurr_OIagKU.js line 2 > eval, line 406: unreachable code after return statement
JavaScript warning: https://pagead2.googlesyndication.com/bg/l11QPndu-j1d-IuVVz8_-a8eiRaKqDgehurr_OIagKU.js line 2 > eval line 406 > eval line 1 > eval, line 1: unreachable code after return statement
JavaScript warning: https://pagead2.googlesyndication.com/bg/l11QPndu-j1d-IuVVz8_-a8eiRaKqDgehurr_OIagKU.js line 2 > eval line 406 > eval line 1 > eval, line 1: unreachable code after return statement
JavaScript warning: https://pagead2.googlesyndication.com/bg/l11QPndu-j1d-IuVVz8_-a8eiRaKqDgehurr_OIagKU.js line 2 > eval line 406 > eval line 1 > eval line 1 > eval, line 1: unreachable code after return statement
JavaScript warning: https://pagead2.googlesyndication.com/bg/l11QPndu-j1d-IuVVz8_-a8eiRaKqDgehurr_OIagKU.js line 2 > eval line 406 > eval line 1 > eval line 1 > eval, line 1: unreachable code after return statement
1771678637504	Marionette	INFO	Stopped listening on port 57706
Exiting due to channel error.
Exiting due to channel error.
